<?xml version="1.0" encoding="UTF-8"?>
<testng-results ignored="0" total="1" passed="1" failed="0" skipped="0">
  <reporter-output>
    <line>
      <![CDATA[Entering a value on element Search Field]]>
    </line>
    <line>
      <![CDATA[Entering a value on element Google Search Button]]>
    </line>
    <line>
      <![CDATA[Entering a value on element Search Result]]>
    </line>
    <line>
      <![CDATA[Entering a value on element Search Field]]>
    </line>
    <line>
      <![CDATA[Entering a value on element Google Search Button]]>
    </line>
    <line>
      <![CDATA[Entering a value on element Search Result]]>
    </line>
  </reporter-output>
  <suite started-at="2020-05-17T12:56:21 EDT" name="Default Suite" finished-at="2020-05-17T12:56:39 EDT" duration-ms="18070">
    <groups>
    </groups>
    <test started-at="2020-05-17T12:56:21 EDT" name="Maven_Automation" finished-at="2020-05-17T12:56:39 EDT" duration-ms="18070">
      <class name="day11_test_NG.Google_Search_testNG">
        <test-method is-config="true" signature="callDriver()[pri:0, instance:day11_test_NG.Google_Search_testNG@384ad17b]" started-at="2020-05-17T12:56:21 EDT" name="callDriver" finished-at="2020-05-17T12:56:27 EDT" duration-ms="5723" status="PASS">
          <reporter-output>
          </reporter-output>
        </test-method> <!-- callDriver -->
        <test-method signature="GoogleSearch()[pri:0, instance:day11_test_NG.Google_Search_testNG@384ad17b]" started-at="2020-05-17T12:56:27 EDT" name="GoogleSearch" finished-at="2020-05-17T12:56:39 EDT" duration-ms="11697" status="PASS">
          <reporter-output>
            <line>
              <![CDATA[Entering a value on element Search Field]]>
            </line>
            <line>
              <![CDATA[Entering a value on element Google Search Button]]>
            </line>
            <line>
              <![CDATA[Entering a value on element Search Result]]>
            </line>
            <line>
              <![CDATA[Entering a value on element Search Field]]>
            </line>
            <line>
              <![CDATA[Entering a value on element Google Search Button]]>
            </line>
            <line>
              <![CDATA[Entering a value on element Search Result]]>
            </line>
          </reporter-output>
        </test-method> <!-- GoogleSearch -->
        <test-method is-config="true" signature="quitDriver()[pri:0, instance:day11_test_NG.Google_Search_testNG@384ad17b]" started-at="2020-05-17T12:56:39 EDT" name="quitDriver" finished-at="2020-05-17T12:56:39 EDT" duration-ms="627" status="PASS">
          <reporter-output>
          </reporter-output>
        </test-method> <!-- quitDriver -->
      </class> <!-- day11_test_NG.Google_Search_testNG -->
    </test> <!-- Maven_Automation -->
  </suite> <!-- Default Suite -->
</testng-results>
